<?xml version="1.0" encoding="UTF-8"?>
<!-- Generated by org.testng.reporters.JUnitXMLReporter -->
<testsuite hostname="INLT1471" ignored="0" name="APITest" tests="3" failures="0" timestamp="2020-08-28T14:57:19 IST" time="4.837" errors="0">
  <testcase name="getResponse" time="2.363" classname="com.spacex.apiTesting.SpaceXAPITesting"/>
  <testcase name="validateResponseHeader" time="1.192" classname="com.spacex.apiTesting.SpaceXAPITesting"/>
  <testcase name="verifyInvalidEndPoint" time="1.078" classname="com.spacex.apiTesting.SpaceXAPITesting"/>
</testsuite> <!-- APITest -->
